<html>
<head>
<title>TestNG:  Default test</title>
<link href="../testng.css" rel="stylesheet" type="text/css" />
<link href="../my-testng.css" rel="stylesheet" type="text/css" />

<style type="text/css">
.log { display: none;} 
.stack-trace { display: none;} 
</style>
<script type="text/javascript">
<!--
function flip(e) {
  current = e.style.display;
  if (current == 'block') {
    e.style.display = 'none';
    return 0;
  }
  else {
    e.style.display = 'block';
    return 1;
  }
}

function toggleBox(szDivId, elem, msg1, msg2)
{
  var res = -1;  if (document.getElementById) {
    res = flip(document.getElementById(szDivId));
  }
  else if (document.all) {
    // this is the way old msie versions work
    res = flip(document.all[szDivId]);
  }
  if(elem) {
    if(res == 0) elem.innerHTML = msg1; else elem.innerHTML = msg2;
  }

}

function toggleAllBoxes() {
  if (document.getElementsByTagName) {
    d = document.getElementsByTagName('div');
    for (i = 0; i < d.length; i++) {
      if (d[i].className == 'log') {
        flip(d[i]);
      }
    }
  }
}

// -->
</script>

</head>
<body>
<h2 align='center'>Default test</h2><table border='1' align="center">
<tr>
<td>Tests passed/Failed/Skipped:</td><td>0/0/1</td>
</tr><tr>
<td>Started on:</td><td>Tue Jun 01 00:11:34 IST 2021</td>
</tr>
<tr><td>Total time:</td><td>69 seconds (69631 ms)</td>
</tr><tr>
<td>Included groups:</td><td></td>
</tr><tr>
<td>Excluded groups:</td><td></td>
</tr>
</table><p/>
<small><i>(Hover the method name to see the test class name)</i></small><p/>
<table width='100%' border='1' class='invocation-skipped'>
<tr><td colspan='4' align='center'><b>SKIPPED TESTS</b></td></tr>
<tr><td><b>Test method</b></td>
<td width="30%"><b>Exception</b></td>
<td width="10%"><b>Time (seconds)</b></td>
<td><b>Instance</b></td>
</tr>
<tr>
<td title='org.quali.automation.runners.ProfileUpdateRunner.run_cukes()'><b>run_cukes</b><br>Test class: org.quali.automation.runners.ProfileUpdateRunner<br>Test method: Runs Cucumber Features<br/>
<a href="#Output-106297322" onClick='toggleBox("Output-106297322", this, "Show output", "Hide output");'>Show output</a>

<a href="#Output-106297322" onClick="toggleAllBoxes();">Show all outputs</a>
<div class='log' id="Output-106297322">
<div "featureFile">Feature File: src&#x2F;test&#x2F;resources&#x2F;featurefiles&#x2F;Update_Profile.feature</div><br/>
<div "feature">Feature: Update Profile Information</div><br/>
********************************************************<br/>
Scenario: Verify User is able to successfully log in the website<br/>
********************************************************<br/>
<div "scenario">Scenario: Verify User is able to successfully log in the website</div><br/>
<div "result">Given  User is able to launch shopping website (passed : 20s)</div><br/>
[PASS]:  User is on Sign in page<br/>
Clicked on [[ChromeDriver: chrome on WINDOWS (e23f62ba8b841965854eeca0ebecec65)] -> xpath: //a[contains(text(),'Sign in')]]<br/>
User clicked on Sign in<br/>
<div "result">When  User clicks on &#x27;Sign in&#x27; link (passed : 12s)</div><br/>
[INFO]: User entered Email address<br/>
[INFO]: User entered password<br/>
User entered credentials<br/>
<div "result">And  User enters login details (passed : 2s)</div><br/>
[INFO]: User has clicked on Submit button<br/>
User clicked on sign in button<br/>
<div "result">And  User clicks on &#x27;Sign In&#x27; button (passed : 9s)</div><br/>
ASSERTION PASSED: element head_myAccount is displayed.<br/>
User is able to login successfully<br/>
<div "result">Then  User is able to login successfully (passed : 2s)</div><br/>
*************************************<br/>
Scenario Name: VERIFY USER IS ABLE TO SUCCESSFULLY LOG IN THE WEBSITE<br/>
Scenario Result: PASSED<br/>
[INFO]: Save Image File Path : C:\Users\rishusaxena\training\QualiBDD_TestAutomation\./target/screenshots/\2021_06_01_12_12_AM_screenshot_VERIFY USER IS ABLE TO SUCCESSFULLY LOG IN THE WEBSITE.png<br/>
********************************************************<br/>
Scenario: User is able to update Account Information<br/>
********************************************************<br/>
<div "scenario">Scenario: User is able to update Account Information</div><br/>
Clicked on [[ChromeDriver: chrome on WINDOWS (e23f62ba8b841965854eeca0ebecec65)] -> xpath: //span[contains(text(),'My personal information')]]<br/>
User clicked onMy personal information<br/>
<div "result">Given  User clicks on &#x27;My personal information&#x27; option (passed : 5s)</div><br/>
<div "result">And  User updates the first name details (failed : 1s)</div><br/>
<div "result">And  User enters password (skipped)</div><br/>
<div "result">And  User clicks on &#x27;Save&#x27; button (skipped)</div><br/>
<div "result">Then  User verifies account information is updated (skipped)</div><br/>
*************************************<br/>
Scenario Name: USER IS ABLE TO UPDATE ACCOUNT INFORMATION<br/>
Scenario Result: FAILED<br/>
[INFO]: Save Image File Path : C:\Users\rishusaxena\training\QualiBDD_TestAutomation\./target/screenshots/\2021_06_01_12_12_AM_screenshot_USER IS ABLE TO UPDATE ACCOUNT INFORMATION.png<br/>
</div>
</td>
<td><div><pre>cucumber.runtime.CucumberException: java.lang.NullPointerException
	at cucumber.api.testng.TestNGCucumberRunner.runCukes(TestNGCucumberRunner.java:48)
	at cucumber.api.testng.AbstractTestNGCucumberTests.run_cukes(AbstractTestNGCucumberTests.java:14)
	at java.base/jdk.internal.reflect.NativeMethodAccessorImpl.invoke0(Native Method)
	at java.base/jdk.internal.reflect.NativeMethodAccessorImpl.invoke(Unknown Source)
	at java.base/jdk.internal.reflect.DelegatingMethodAccessorImpl.invoke(Unknown Source)
	at java.base/java.lang.reflect.Method.invoke(Unknown Source)
	at org.testng.internal.MethodInvocationHelper.invokeMethod(MethodInvocationHelper.java:124)
	at org.testng.internal.MethodInvocationHelper$1.runTestMethod(MethodInvocationHelper.java:230)
	at cucumber.api.testng.AbstractTestNGCucumberTests.run(AbstractTestNGCucumberTests.java:19)
	at org.testng.internal.MethodInvocationHelper.invokeHookable(MethodInvocationHelper.java:242)
	at org.testng.internal.Invoker.invokeMethod(Invoker.java:576)
	at org.testng.internal.Invoker.invokeTestMethod(Invoker.java:716)
	at org.testng.internal.Invoker.invokeTestMethods(Invoker.java:988)
	at org.testng.internal.TestMethodWorker.invokeTestMethods(TestMethodWorker.java:125)
	at org.testng.internal.TestMethodWorker.run(TestMethodWorker.java:109)
	at org.testng.TestRunner.privateRun(TestRunner.java:648)
	at org.testng.TestRunner.run(TestRunner.java:505)
	at org.testng.SuiteRunner.runTest(SuiteRunner.java:455)
	at org.testng.SuiteRunner.runSequentially(SuiteRunner.java:450)
	at org.testng.SuiteRunner.privateRun(SuiteRunner.java:415)
	at org.testng.SuiteRunner.run(SuiteRunner.java:364)
	at org.testng.SuiteRunnerWorker.runSuite(SuiteRunnerWorker.java:52)
	at org.testng.SuiteRunnerWorker.run(SuiteRunnerWorker.java:84)
	at org.testng.TestNG.runSuitesSequentially(TestNG.java:1208)
	at org.testng.TestNG.runSuitesLocally(TestNG.java:1137)
	at org.testng.TestNG.runSuites(TestNG.java:1049)
	at org.testng.TestNG.run(TestNG.java:1017)
	at org.testng.remote.AbstractRemoteTestNG.run(AbstractRemoteTestNG.java:114)
	at org.testng.remote.RemoteTestNG.initAndRun(RemoteTestNG.java:251)
	at org.testng.remote.RemoteTestNG.main(RemoteTestNG.java:77)
Caused by: java.lang.NullPointerException
	at org.quali.automation.Pageobjects.GetPage.getLocator(GetPage.java:125)
	at org.quali.automation.Pageobjects.GetPage.element(GetPage.java:45)
	at org.quali.automation.Pageobjects.GetPage.element(GetPage.java:39)
	at org.quali.automation.actions.HomePageKeyword.updateFirstName(HomePageKeyword.java:71)
	at org.quali.automation.stepDefs.Step_Def_Ordering.verifyUserUpdatesDetails(Step_Def_Ordering.java:79)
	at ?.And User updates the first name details(src/test/resources/featurefiles/Update_Profile.feature:14)
</pre></div><a href='#' onClick='toggleBox("stack-trace106297322", this, "Click to show all stack frames", "Click to hide stack frames")'>Click to show all stack frames</a>
<div class='stack-trace' id='stack-trace106297322'><pre>cucumber.runtime.CucumberException: java.lang.NullPointerException
	at cucumber.api.testng.TestNGCucumberRunner.runCukes(TestNGCucumberRunner.java:48)
	at cucumber.api.testng.AbstractTestNGCucumberTests.run_cukes(AbstractTestNGCucumberTests.java:14)
	at java.base/jdk.internal.reflect.NativeMethodAccessorImpl.invoke0(Native Method)
	at java.base/jdk.internal.reflect.NativeMethodAccessorImpl.invoke(Unknown Source)
	at java.base/jdk.internal.reflect.DelegatingMethodAccessorImpl.invoke(Unknown Source)
	at java.base/java.lang.reflect.Method.invoke(Unknown Source)
	at org.testng.internal.MethodInvocationHelper.invokeMethod(MethodInvocationHelper.java:124)
	at org.testng.internal.MethodInvocationHelper$1.runTestMethod(MethodInvocationHelper.java:230)
	at cucumber.api.testng.AbstractTestNGCucumberTests.run(AbstractTestNGCucumberTests.java:19)
	at org.testng.internal.MethodInvocationHelper.invokeHookable(MethodInvocationHelper.java:242)
	at org.testng.internal.Invoker.invokeMethod(Invoker.java:576)
	at org.testng.internal.Invoker.invokeTestMethod(Invoker.java:716)
	at org.testng.internal.Invoker.invokeTestMethods(Invoker.java:988)
	at org.testng.internal.TestMethodWorker.invokeTestMethods(TestMethodWorker.java:125)
	at org.testng.internal.TestMethodWorker.run(TestMethodWorker.java:109)
	at org.testng.TestRunner.privateRun(TestRunner.java:648)
	at org.testng.TestRunner.run(TestRunner.java:505)
	at org.testng.SuiteRunner.runTest(SuiteRunner.java:455)
	at org.testng.SuiteRunner.runSequentially(SuiteRunner.java:450)
	at org.testng.SuiteRunner.privateRun(SuiteRunner.java:415)
	at org.testng.SuiteRunner.run(SuiteRunner.java:364)
	at org.testng.SuiteRunnerWorker.runSuite(SuiteRunnerWorker.java:52)
	at org.testng.SuiteRunnerWorker.run(SuiteRunnerWorker.java:84)
	at org.testng.TestNG.runSuitesSequentially(TestNG.java:1208)
	at org.testng.TestNG.runSuitesLocally(TestNG.java:1137)
	at org.testng.TestNG.runSuites(TestNG.java:1049)
	at org.testng.TestNG.run(TestNG.java:1017)
	at org.testng.remote.AbstractRemoteTestNG.run(AbstractRemoteTestNG.java:114)
	at org.testng.remote.RemoteTestNG.initAndRun(RemoteTestNG.java:251)
	at org.testng.remote.RemoteTestNG.main(RemoteTestNG.java:77)
Caused by: java.lang.NullPointerException
	at org.quali.automation.Pageobjects.GetPage.getLocator(GetPage.java:125)
	at org.quali.automation.Pageobjects.GetPage.element(GetPage.java:45)
	at org.quali.automation.Pageobjects.GetPage.element(GetPage.java:39)
	at org.quali.automation.actions.HomePageKeyword.updateFirstName(HomePageKeyword.java:71)
	at org.quali.automation.stepDefs.Step_Def_Ordering.verifyUserUpdatesDetails(Step_Def_Ordering.java:79)
	at ?.And User updates the first name details(src/test/resources/featurefiles/Update_Profile.feature:14)
</pre></div></td>
<td>69</td>
<td>org.quali.automation.runners.ProfileUpdateRunner@5f683daf</td></tr>
</table><p>
</body>
</html>